<?xml version="1.0" encoding="utf-8"?><testsuites><testsuite name="pytest" errors="0" failures="0" skipped="0" tests="16" time="2.807" timestamp="2024-01-22T20:31:52.335805" hostname="T490-WIN"><testcase classname="pizzaapp.tests.test_pizza.PizzaTest" name="test_check_banner_color" time="0.102" /><testcase classname="pizzaapp.tests.test_pizza.PizzaTest" name="test_check_banner_env" time="0.053" /><testcase classname="pizzaapp.tests.test_pizza.PizzaTest" name="test_check_banner_visibility" time="0.056" /><testcase classname="pizzaapp.tests.test_pizza.PizzaTest" name="test_check_page_title" time="0.061" /><testcase classname="pizzaapp.tests.test_pizza.PizzaTest" name="test_create_pizza" time="0.061" /><testcase classname="pizzaapp.tests.test_pizza.PizzaTest" name="test_create_pizza_blank_name" time="0.040" /><testcase classname="pizzaapp.tests.test_pizza.PizzaTest" name="test_create_pizza_blank_price" time="0.040" /><testcase classname="pizzaapp.tests.test_pizza.PizzaTest" name="test_create_pizza_duplicate_name" time="0.061" /><testcase classname="pizzaapp.tests.test_pizza.PizzaTest" name="test_create_pizza_price_as_str" time="0.042" /><testcase classname="pizzaapp.tests.test_pizza.PizzaTest" name="test_delete_non_existing_pizza" time="0.074" /><testcase classname="pizzaapp.tests.test_pizza.PizzaTest" name="test_delete_pizza" time="0.073" /><testcase classname="pizzaapp.tests.test_pizza.PizzaTest" name="test_get_all_pizzas" time="0.075" /><testcase classname="pizzaapp.tests.test_pizza.PizzaTest" name="test_update_non_existing_pizza" time="0.041" /><testcase classname="pizzaapp.tests.test_pizza.PizzaTest" name="test_update_pizza" time="0.079" /><testcase classname="pizzaapp.tests.test_pizza.PizzaTest" name="test_update_pizza_blank_name" time="0.057" /><testcase classname="pizzaapp.tests.test_pizza.PizzaTest" name="test_update_pizza_duplicate_name" time="0.085" /></testsuite></testsuites>